[debug] > Exec(early(addDefaultCommands), None, None)
[debug] > Exec(addDefaultCommands, None, None)
[debug] > Exec(early(initialize), None, None)
[debug] > Exec(initialize, None, None)
[debug] > Exec(early(addPluginSbtFile="""C:\Users\GANWEI~1\AppData\Local\Temp\idea.sbt"""), None, None)
[debug] > Exec(addPluginSbtFile="""C:\Users\GANWEI~1\AppData\Local\Temp\idea.sbt""", None, None)
[debug] > Exec(boot, None, None)
[debug] > Exec(writeSbtVersion, None, None)
[debug] > Exec(reload, None, None)
[debug] > Exec(sbtStashOnFailure, None, None)
[debug] > Exec(onFailure loadFailed, None, None)
[debug] > Exec(loadp, None, None)
[info] welcome to sbt 1.9.7 (Oracle Corporation Java 1.8.0_401)
[debug] Load.defaultLoad until apply took 89.8577ms
[debug]           Load.loadUnit: plugins took 82.5118ms
[debug]           Load.loadUnit: defsScala took 0.2106ms
[debug] [Loading] Scanning directory C:\Users\Gan Wei Chen\IdeaProjects\Pacman-Scala\project
[debug]             Load.loadUnit: mkEval took 5.5092ms
[debug] [Loading] Found non-root projects 
[debug] [Loading] Done in C:\Users\Gan Wei Chen\IdeaProjects\Pacman-Scala\project, returning: ()
[debug] deducing auto plugins based on known facts Set(Atom(sbt.plugins.CorePlugin)) and clauses Clauses(Clause(Atom(sbt.plugins.JvmPlugin),Set(Atom(sbt.plugins.IvyPlugin)))
[debug] Clause(Atom(sbt.ScriptedPlugin),Set(Atom(sbt.plugins.JvmPlugin)))
[debug] Clause(Atom(sbt.plugins.SbtPlugin),Set(Atom(sbt.ScriptedPlugin)))
[debug] Clause(Atom(sbt.plugins.SemanticdbPlugin),Set(Atom(sbt.plugins.JvmPlugin)))
[debug] Clause(Atom(sbt.plugins.JUnitXmlReportPlugin),Set(Atom(sbt.plugins.JvmPlugin)))
[debug] Clause(Atom(sbt.plugins.MiniDependencyTreePlugin),Set(Atom(sbt.plugins.JvmPlugin)))
[debug] Clause(Atom(sbt.plugins.CorePlugin),Set(Atom(sbt.plugins.IvyPlugin)))
[debug] Clause(Atom(sbt.plugins.IvyPlugin),Set(Atom(sbt.plugins.JvmPlugin)))
[debug] Clause(Atom(sbt.plugins.JvmPlugin),Set(Atom(sbt.plugins.SemanticdbPlugin)))
[debug] Clause(Atom(sbt.plugins.JvmPlugin),Set(Atom(sbt.plugins.JUnitXmlReportPlugin)))
[debug] Clause(Atom(sbt.plugins.CorePlugin),Set(Atom(sbt.plugins.Giter8TemplatePlugin)))
[debug] Clause(Atom(sbt.plugins.JvmPlugin),Set(Atom(sbt.plugins.MiniDependencyTreePlugin))))
[debug]   :: deduced result: Matched(sbt.plugins.CorePlugin,sbt.plugins.Giter8TemplatePlugin,sbt.plugins.IvyPlugin,sbt.plugins.JvmPlugin,sbt.plugins.MiniDependencyTreePlugin,sbt.plugins.JUnitXmlReportPlugin,sbt.plugins.SemanticdbPlugin)
[debug] Plugins.deducer#function took 10.9233 ms
[info] loading settings for project pacman-scala-build from idea.sbt ...
[debug]               Load.resolveProject(pacman-scala-build) took 32.3105ms
[debug]             Load.loadTransitive: finalizeProject(Project(id pacman-scala-build, base: C:\Users\Gan Wei Chen\IdeaProjects\Pacman-Scala\project, plugins: List(<none>))) took 50.4236ms
[debug] [Loading] Done in C:\Users\Gan Wei Chen\IdeaProjects\Pacman-Scala\project, returning: (pacman-scala-build)
[debug]           Load.loadUnit: loadedProjectsRaw took 2300.4016ms
[debug]           Load.loadUnit: cleanEvalClasses took 22.2418ms
[debug]         Load.loadUnit(file:/C:/Users/Gan%20Wei%20Chen/IdeaProjects/Pacman-Scala/project/, ...) took 2409.1956ms
[debug]       Load.apply: load took 2479.9097ms
[debug]       Load.apply: resolveProjects took 3.5489ms
[debug]       Load.apply: finalTransforms took 38.14ms
[debug]       Load.apply: config.delegates took 4.2962ms
[debug]       Load.apply: Def.make(settings)... took 350.7351ms
[debug]       Load.apply: structureIndex took 56.4154ms
[debug]       Load.apply: mkStreams took 1.1545ms
[info] loading project definition from C:\Users\Gan Wei Chen\IdeaProjects\Pacman-Scala\project
[debug] Running task... Cancel: Signal, check cycles: false, forcegc: true
[debug]     Load.loadUnit: plugins took 4311.5945ms
[debug]     Load.loadUnit: defsScala took 0.0084ms
[debug] [Loading] Scanning directory C:\Users\Gan Wei Chen\IdeaProjects\Pacman-Scala
[debug]       Load.loadUnit: mkEval took 0.3677ms
[debug] [Loading] Found root project root w/ remaining 
[debug] deducing auto plugins based on known facts Set(Atom(sbt.plugins.CorePlugin)) and clauses Clauses(Clause(Atom(sbt.plugins.JvmPlugin),Set(Atom(sbt.plugins.IvyPlugin)))
[debug] Clause(Atom(sbt.ScriptedPlugin),Set(Atom(sbt.plugins.JvmPlugin)))
[debug] Clause(Atom(sbt.plugins.SbtPlugin),Set(Atom(sbt.ScriptedPlugin)))
[debug] Clause(Atom(sbt.plugins.SemanticdbPlugin),Set(Atom(sbt.plugins.JvmPlugin)))
[debug] Clause(Atom(sbt.plugins.JUnitXmlReportPlugin),Set(Atom(sbt.plugins.JvmPlugin)))
[debug] Clause(Atom(sbt.plugins.MiniDependencyTreePlugin),Set(Atom(sbt.plugins.JvmPlugin)))
[debug] Clause(Atom(org.jetbrains.sbt.StructurePlugin),Set(Atom(sbt.plugins.JvmPlugin)))
[debug] Clause(Atom(org.jetbrains.sbt.IdeaShellPlugin),Set(Atom(sbt.plugins.JvmPlugin)))
[debug] Clause(Atom(org.jetbrains.sbt.indices.SbtIntellijIndicesPlugin),Set(Atom(sbt.plugins.JvmPlugin)))
[debug] Clause(Atom(sbt.plugins.CorePlugin),Set(Atom(sbt.plugins.IvyPlugin)))
[debug] Clause(Atom(sbt.plugins.IvyPlugin),Set(Atom(sbt.plugins.JvmPlugin)))
[debug] Clause(Atom(sbt.plugins.JvmPlugin),Set(Atom(sbt.plugins.SemanticdbPlugin)))
[debug] Clause(Atom(sbt.plugins.JvmPlugin),Set(Atom(sbt.plugins.JUnitXmlReportPlugin)))
[debug] Clause(Atom(sbt.plugins.CorePlugin),Set(Atom(sbt.plugins.Giter8TemplatePlugin)))
[debug] Clause(Atom(sbt.plugins.JvmPlugin),Set(Atom(sbt.plugins.MiniDependencyTreePlugin)))
[debug] Clause(Atom(sbt.plugins.JvmPlugin),Set(Atom(org.jetbrains.sbt.StructurePlugin)))
[debug] Clause(Atom(sbt.plugins.JvmPlugin),Set(Atom(org.jetbrains.sbt.IdeaShellPlugin)))
[debug] Clause(And(Set(Atom(sbt.plugins.CorePlugin), Atom(sbt.plugins.JvmPlugin))),Set(Atom(org.jetbrains.sbt.indices.SbtIntellijIndicesPlugin))))
[debug]   :: deduced result: Matched(sbt.plugins.CorePlugin,sbt.plugins.Giter8TemplatePlugin,sbt.plugins.IvyPlugin,sbt.plugins.JvmPlugin,sbt.plugins.SemanticdbPlugin,org.jetbrains.sbt.indices.SbtIntellijIndicesPlugin,sbt.plugins.JUnitXmlReportPlugin,org.jetbrains.sbt.IdeaShellPlugin,org.jetbrains.sbt.StructurePlugin,sbt.plugins.MiniDependencyTreePlugin)
[debug] Plugins.deducer#function took 1.8885 ms
[info] loading settings for project root from build.sbt ...
[debug]         Load.resolveProject(root) took 19.0439ms
[debug]       Load.loadTransitive: finalizeProject(Project(id root, base: C:\Users\Gan Wei Chen\IdeaProjects\Pacman-Scala, plugins: List(<none>))) took 22.1708ms
[debug] [Loading] Done in C:\Users\Gan Wei Chen\IdeaProjects\Pacman-Scala, returning: (root)
[debug]     Load.loadUnit: loadedProjectsRaw took 1068.2285ms
[debug]     Load.loadUnit: cleanEvalClasses took 4.456ms
[debug]   Load.loadUnit(file:/C:/Users/Gan%20Wei%20Chen/IdeaProjects/Pacman-Scala/, ...) took 5385.6325ms
[debug] Load.apply: load took 5403.4091ms
[debug] Load.apply: resolveProjects took 0.0894ms
[debug] Load.apply: finalTransforms took 17.2385ms
[debug] Load.apply: config.delegates took 0.2855ms
[debug] Load.apply: Def.make(settings)... took 68.9595ms
[debug] Load.apply: structureIndex took 19.136ms
[debug] Load.apply: mkStreams took 0.0026ms
[info] set current project to scalaFXIntro (in build file:/C:/Users/Gan%20Wei%20Chen/IdeaProjects/Pacman-Scala/)
[debug] > Exec(sbtPopOnFailure, None, None)
[debug] > Exec(resumeFromFailure, None, None)
[debug] > Exec(notifyUsersAboutShell, None, None)
[debug] > Exec(iflast shell, None, None)
[debug] > Exec(; set ideaPort in Global := 59726 ; idea-shell, None, None)
[debug] > Exec(set ideaPort in Global := 59726, None, None)
[info] Defining Global / ideaPort
[info] The new value will be used by Compile / compile, Test / compile
[debug] Defining 
[debug] 	Global / ideaPort
[debug] 
[debug] The new value will be used by 
[debug] 	Compile / compile
[debug] 	Test / compile
[info] Reapplying settings...
[info] set current project to scalaFXIntro (in build file:/C:/Users/Gan%20Wei%20Chen/IdeaProjects/Pacman-Scala/)
[debug] > Exec(idea-shell, None, None)
